extensions/cronet/buildout/outputs/logs/manifest-merger-debug-report.txt
-- Merging decision tree log ---
manifest
ADDED from src/main/AndroidManifest.xml:16:1-22:12
INJECTED from src/main/AndroidManifest.xml:16:1-22:12
INJECTED from src/main/AndroidManifest.xml:16:1-22:12
	package
		ADDED from src/main/AndroidManifest.xml:17:5-55
		INJECTED from src/main/AndroidManifest.xml
		INJECTED from src/main/AndroidManifest.xml
	xmlns:android
		ADDED from src/main/AndroidManifest.xml:16:11-69
uses-permission#android.permission.ACCESS_NETWORK_STATE
ADDED from src/main/AndroidManifest.xml:19:5-78
	android:name
		ADDED from src/main/AndroidManifest.xml:19:22-76
uses-sdk
ADDED from src/main/AndroidManifest.xml:20:5-17
INJECTED from src/main/AndroidManifest.xml:20:5-17
INJECTED from src/main/AndroidManifest.xml:20:5-17
INJECTED from src/main/AndroidManifest.xml:20:5-17
INJECTED from src/main/AndroidManifest.xml:20:5-17
	android:targetSdkVersion
		INJECTED from src/main/AndroidManifest.xml
		ADDED from src/main/AndroidManifest.xml:20:5-17
		INJECTED from src/main/AndroidManifest.xml
	android:minSdkVersion
		INJECTED from src/main/AndroidManifest.xml
		ADDED from src/main/AndroidManifest.xml:20:5-17
		INJECTED from src/main/AndroidManifest.xml